<?xml version="1.0" encoding="UTF-8"?>
<testsuite name="TaskTest" tests="3" skipped="0" failures="0" errors="0" timestamp="2015-08-31T23:06:15" hostname="epicodus-103.local" time="0.034">
  <properties/>
  <testcase name="equals_returnsTrueIfDescriptionsAretheSame" classname="TaskTest" time="0.006"/>
  <testcase name="all_emptyAtFirst" classname="TaskTest" time="0.01"/>
  <testcase name="all_savesIntoDatabase_true" classname="TaskTest" time="0.017"/>
  <system-out><![CDATA[]]></system-out>
  <system-err><![CDATA[]]></system-err>
</testsuite>
