<?xml version="1.0" encoding="UTF-8"?>
<testsuite name="CategoryTest" tests="1" skipped="0" failures="0" errors="0" timestamp="2015-08-31T23:06:15" hostname="epicodus-103.local" time="0.103">
  <properties/>
  <testcase name="all_emptyAtFirst" classname="CategoryTest" time="0.103"/>
  <system-out><![CDATA[]]></system-out>
  <system-err><![CDATA[]]></system-err>
</testsuite>
